  home.cpp
  mainMenu.cpp
  Generating Code...
  LINK : D:\ShieldPay\ShieldPay\x64\Debug\ShieldPay.exe not found or not built by the last incremental link; performing full link
mainMenu.obj : error LNK2005: "char * text1" (?text1@@3PADA) already defined in home.obj
mainMenu.obj : error LNK2005: "char * text2" (?text2@@3PADA) already defined in home.obj
mainMenu.obj : error LNK2005: "int textSize1" (?textSize1@@3HA) already defined in home.obj
mainMenu.obj : error LNK2005: "int textSize2" (?textSize2@@3HA) already defined in home.obj
mainMenu.obj : error LNK2005: "bool isTextBox1Focused" (?isTextBox1Focused@@3_NA) already defined in home.obj
mainMenu.obj : error LNK2005: "bool isTextBox2Focused" (?isTextBox2Focused@@3_NA) already defined in home.obj
mainMenu.obj : error LNK2005: "bool cursorVisible" (?cursorVisible@@3_NA) already defined in home.obj
mainMenu.obj : error LNK2005: "class std::basic_string<char,struct std::char_traits<char>,class std::allocator<char> > username" (?username@@3V?$basic_string@DU?$char_traits@D@std@@V?$allocator@D@2@@std@@A) already defined in home.obj
raylib.lib(rcore.c.obj) : warning LNK4099: PDB '' was not found with 'raylib.lib(rcore.c.obj)' or at ''; linking object as if no debug info
raylib.lib(rshapes.c.obj) : warning LNK4099: PDB '' was not found with 'raylib.lib(rshapes.c.obj)' or at ''; linking object as if no debug info
raylib.lib(rtextures.c.obj) : warning LNK4099: PDB '' was not found with 'raylib.lib(rtextures.c.obj)' or at ''; linking object as if no debug info
raylib.lib(rtext.c.obj) : warning LNK4099: PDB '' was not found with 'raylib.lib(rtext.c.obj)' or at ''; linking object as if no debug info
raylib.lib(utils.c.obj) : warning LNK4099: PDB '' was not found with 'raylib.lib(utils.c.obj)' or at ''; linking object as if no debug info
raylib.lib(init.c.obj) : warning LNK4099: PDB '' was not found with 'raylib.lib(init.c.obj)' or at ''; linking object as if no debug info
raylib.lib(monitor.c.obj) : warning LNK4099: PDB '' was not found with 'raylib.lib(monitor.c.obj)' or at ''; linking object as if no debug info
raylib.lib(window.c.obj) : warning LNK4099: PDB '' was not found with 'raylib.lib(window.c.obj)' or at ''; linking object as if no debug info
raylib.lib(input.c.obj) : warning LNK4099: PDB '' was not found with 'raylib.lib(input.c.obj)' or at ''; linking object as if no debug info
raylib.lib(context.c.obj) : warning LNK4099: PDB '' was not found with 'raylib.lib(context.c.obj)' or at ''; linking object as if no debug info
raylib.lib(win32_window.c.obj) : warning LNK4099: PDB '' was not found with 'raylib.lib(win32_window.c.obj)' or at ''; linking object as if no debug info
raylib.lib(win32_time.c.obj) : warning LNK4099: PDB '' was not found with 'raylib.lib(win32_time.c.obj)' or at ''; linking object as if no debug info
raylib.lib(win32_thread.c.obj) : warning LNK4099: PDB '' was not found with 'raylib.lib(win32_thread.c.obj)' or at ''; linking object as if no debug info
raylib.lib(platform.c.obj) : warning LNK4099: PDB '' was not found with 'raylib.lib(platform.c.obj)' or at ''; linking object as if no debug info
raylib.lib(vulkan.c.obj) : warning LNK4099: PDB '' was not found with 'raylib.lib(vulkan.c.obj)' or at ''; linking object as if no debug info
raylib.lib(win32_init.c.obj) : warning LNK4099: PDB '' was not found with 'raylib.lib(win32_init.c.obj)' or at ''; linking object as if no debug info
raylib.lib(win32_monitor.c.obj) : warning LNK4099: PDB '' was not found with 'raylib.lib(win32_monitor.c.obj)' or at ''; linking object as if no debug info
raylib.lib(wgl_context.c.obj) : warning LNK4099: PDB '' was not found with 'raylib.lib(wgl_context.c.obj)' or at ''; linking object as if no debug info
raylib.lib(egl_context.c.obj) : warning LNK4099: PDB '' was not found with 'raylib.lib(egl_context.c.obj)' or at ''; linking object as if no debug info
raylib.lib(osmesa_context.c.obj) : warning LNK4099: PDB '' was not found with 'raylib.lib(osmesa_context.c.obj)' or at ''; linking object as if no debug info
raylib.lib(win32_module.c.obj) : warning LNK4099: PDB '' was not found with 'raylib.lib(win32_module.c.obj)' or at ''; linking object as if no debug info
raylib.lib(win32_joystick.c.obj) : warning LNK4099: PDB '' was not found with 'raylib.lib(win32_joystick.c.obj)' or at ''; linking object as if no debug info
D:\ShieldPay\ShieldPay\x64\Debug\ShieldPay.exe : fatal error LNK1169: one or more multiply defined symbols found
